Started GET "/users" for ::1 at 2020-02-23 22:23:58 +0700
  [1m[35m (2.3ms)[0m  [1m[34mSELECT sqlite_version(*)[0m
  
ActiveRecord::PendingMigrationError (

Migrations are pending. To resolve this issue, run:

        rails db:migrate RAILS_ENV=development

):
  
activerecord (6.0.2.1) lib/active_record/migration.rb:587:in `check_pending!'
activerecord (6.0.2.1) lib/active_record/migration.rb:564:in `call'
actionpack (6.0.2.1) lib/action_dispatch/middleware/callbacks.rb:27:in `block in call'
activesupport (6.0.2.1) lib/active_support/callbacks.rb:101:in `run_callbacks'
actionpack (6.0.2.1) lib/action_dispatch/middleware/callbacks.rb:26:in `call'
actionpack (6.0.2.1) lib/action_dispatch/middleware/executor.rb:14:in `call'
actionpack (6.0.2.1) lib/action_dispatch/middleware/actionable_exceptions.rb:17:in `call'
actionpack (6.0.2.1) lib/action_dispatch/middleware/debug_exceptions.rb:32:in `call'
web-console (4.0.1) lib/web_console/middleware.rb:132:in `call_app'
web-console (4.0.1) lib/web_console/middleware.rb:28:in `block in call'
web-console (4.0.1) lib/web_console/middleware.rb:17:in `catch'
web-console (4.0.1) lib/web_console/middleware.rb:17:in `call'
actionpack (6.0.2.1) lib/action_dispatch/middleware/show_exceptions.rb:33:in `call'
railties (6.0.2.1) lib/rails/rack/logger.rb:38:in `call_app'
railties (6.0.2.1) lib/rails/rack/logger.rb:26:in `block in call'
activesupport (6.0.2.1) lib/active_support/tagged_logging.rb:80:in `block in tagged'
activesupport (6.0.2.1) lib/active_support/tagged_logging.rb:28:in `tagged'
activesupport (6.0.2.1) lib/active_support/tagged_logging.rb:80:in `tagged'
railties (6.0.2.1) lib/rails/rack/logger.rb:26:in `call'
sprockets-rails (3.2.1) lib/sprockets/rails/quiet_assets.rb:13:in `call'
actionpack (6.0.2.1) lib/action_dispatch/middleware/remote_ip.rb:81:in `call'
actionpack (6.0.2.1) lib/action_dispatch/middleware/request_id.rb:27:in `call'
rack (2.2.2) lib/rack/method_override.rb:24:in `call'
rack (2.2.2) lib/rack/runtime.rb:22:in `call'
activesupport (6.0.2.1) lib/active_support/cache/strategy/local_cache_middleware.rb:29:in `call'
actionpack (6.0.2.1) lib/action_dispatch/middleware/executor.rb:14:in `call'
actionpack (6.0.2.1) lib/action_dispatch/middleware/static.rb:126:in `call'
rack (2.2.2) lib/rack/sendfile.rb:110:in `call'
actionpack (6.0.2.1) lib/action_dispatch/middleware/host_authorization.rb:83:in `call'
webpacker (4.2.2) lib/webpacker/dev_server_proxy.rb:23:in `perform_request'
rack-proxy (0.6.5) lib/rack/proxy.rb:57:in `call'
railties (6.0.2.1) lib/rails/engine.rb:526:in `call'
puma (4.3.1) lib/puma/configuration.rb:228:in `call'
puma (4.3.1) lib/puma/server.rb:681:in `handle_request'
puma (4.3.1) lib/puma/server.rb:472:in `process_client'
puma (4.3.1) lib/puma/server.rb:328:in `block in run'
puma (4.3.1) lib/puma/thread_pool.rb:134:in `block in spawn_thread'
  [1m[35m (0.4ms)[0m  [1m[34mSELECT sqlite_version(*)[0m
  [1m[35m (4.6ms)[0m  [1m[35mCREATE TABLE "schema_migrations" ("version" varchar NOT NULL PRIMARY KEY)[0m
  [1m[35m (4.5ms)[0m  [1m[35mCREATE TABLE "ar_internal_metadata" ("key" varchar NOT NULL PRIMARY KEY, "value" varchar, "created_at" datetime(6) NOT NULL, "updated_at" datetime(6) NOT NULL)[0m
  [1m[35m (0.2ms)[0m  [1m[34mSELECT "schema_migrations"."version" FROM "schema_migrations" ORDER BY "schema_migrations"."version" ASC[0m
Migrating to CreateUsers (20200223152137)
  [1m[35m (0.1ms)[0m  [1m[36mbegin transaction[0m
  [1m[35m (0.4ms)[0m  [1m[35mCREATE TABLE "users" ("id" integer PRIMARY KEY AUTOINCREMENT NOT NULL, "name" varchar, "email" varchar, "created_at" datetime(6) NOT NULL, "updated_at" datetime(6) NOT NULL)[0m
  [1m[36mprimary::SchemaMigration Create (0.1ms)[0m  [1m[32mINSERT INTO "schema_migrations" ("version") VALUES (?)[0m  [["version", "20200223152137"]]
  [1m[35m (4.9ms)[0m  [1m[36mcommit transaction[0m
Migrating to CreateMicroposts (20200223152153)
  [1m[35m (0.2ms)[0m  [1m[36mbegin transaction[0m
  [1m[35m (0.5ms)[0m  [1m[35mCREATE TABLE "microposts" ("id" integer PRIMARY KEY AUTOINCREMENT NOT NULL, "content" text, "user_id" integer, "created_at" datetime(6) NOT NULL, "updated_at" datetime(6) NOT NULL)[0m
  [1m[36mprimary::SchemaMigration Create (0.2ms)[0m  [1m[32mINSERT INTO "schema_migrations" ("version") VALUES (?)[0m  [["version", "20200223152153"]]
  [1m[35m (4.4ms)[0m  [1m[36mcommit transaction[0m
  [1m[36mActiveRecord::InternalMetadata Load (0.5ms)[0m  [1m[34mSELECT "ar_internal_metadata".* FROM "ar_internal_metadata" WHERE "ar_internal_metadata"."key" = ? LIMIT ?[0m  [["key", "environment"], ["LIMIT", 1]]
  [1m[35m (0.0ms)[0m  [1m[36mbegin transaction[0m
  [1m[36mActiveRecord::InternalMetadata Create (0.3ms)[0m  [1m[32mINSERT INTO "ar_internal_metadata" ("key", "value", "created_at", "updated_at") VALUES (?, ?, ?, ?)[0m  [["key", "environment"], ["value", "development"], ["created_at", "2020-02-23 15:24:44.056438"], ["updated_at", "2020-02-23 15:24:44.056438"]]
  [1m[35m (3.5ms)[0m  [1m[36mcommit transaction[0m
  [1m[35m (0.1ms)[0m  [1m[34mSELECT sqlite_version(*)[0m
  [1m[35m (0.1ms)[0m  [1m[34mSELECT "schema_migrations"."version" FROM "schema_migrations" ORDER BY "schema_migrations"."version" ASC[0m
Started GET "/users" for ::1 at 2020-02-23 22:24:53 +0700
  [1m[35m (0.5ms)[0m  [1m[34mSELECT sqlite_version(*)[0m
  [1m[35m (0.2ms)[0m  [1m[34mSELECT "schema_migrations"."version" FROM "schema_migrations" ORDER BY "schema_migrations"."version" ASC[0m
Processing by UsersController#index as HTML
  Rendering users/index.html.erb within layouts/application
  [1m[36mUser Load (0.2ms)[0m  [1m[34mSELECT "users".* FROM "users"[0m
  ↳ app/views/users/index.html.erb:15
  Rendered users/index.html.erb within layouts/application (Duration: 3.9ms | Allocations: 1422)
[Webpacker] Compiling...
[Webpacker] Compiled all packs in /home/locnh/ProjectRuby/Blog/public/packs
[Webpacker] Hash: 32e57f147dbdcbbf0c82
Version: webpack 4.41.6
Time: 2756ms
Built at: 02/23/2020 10:24:58 PM
                                     Asset       Size       Chunks                         Chunk Names
    js/application-bbe9c4a129ab949e0636.js    124 KiB  application  [emitted] [immutable]  application
js/application-bbe9c4a129ab949e0636.js.map    139 KiB  application  [emitted] [dev]        application
                             manifest.json  364 bytes               [emitted]              
Entrypoint application = js/application-bbe9c4a129ab949e0636.js js/application-bbe9c4a129ab949e0636.js.map
[./app/javascript/channels sync recursive _channel\.js$] ./app/javascript/channels sync _channel\.js$ 160 bytes {application} [built]
[./app/javascript/channels/index.js] 211 bytes {application} [built]
[./app/javascript/packs/application.js] 749 bytes {application} [built]
[./node_modules/webpack/buildin/module.js] (webpack)/buildin/module.js 552 bytes {application} [built]
    + 3 hidden modules

Completed 200 OK in 4638ms (Views: 4623.4ms | ActiveRecord: 0.7ms | Allocations: 26706)


Started GET "/users" for ::1 at 2020-02-23 22:28:23 +0700
  [1m[35m (0.1ms)[0m  [1m[34mSELECT sqlite_version(*)[0m
Processing by UsersController#index as HTML
  Rendering users/index.html.erb within layouts/application
  [1m[36mUser Load (0.2ms)[0m  [1m[34mSELECT "users".* FROM "users"[0m
  ↳ app/views/users/index.html.erb:15
  Rendered users/index.html.erb within layouts/application (Duration: 2.5ms | Allocations: 1040)
[Webpacker] Everything's up-to-date. Nothing to do
Completed 200 OK in 14ms (Views: 10.9ms | ActiveRecord: 0.5ms | Allocations: 4998)


Started GET "/microposts" for ::1 at 2020-02-23 22:28:30 +0700
Processing by MicropostsController#index as HTML
  Rendering microposts/index.html.erb within layouts/application
  [1m[36mMicropost Load (0.2ms)[0m  [1m[34mSELECT "microposts".* FROM "microposts"[0m
  ↳ app/views/microposts/index.html.erb:15
  Rendered microposts/index.html.erb within layouts/application (Duration: 6.0ms | Allocations: 1165)
[Webpacker] Everything's up-to-date. Nothing to do
Completed 200 OK in 28ms (Views: 24.0ms | ActiveRecord: 0.7ms | Allocations: 5475)


Started GET "/microposts/new" for ::1 at 2020-02-23 22:28:32 +0700
Processing by MicropostsController#new as HTML
  Rendering microposts/new.html.erb within layouts/application
  Rendered microposts/_form.html.erb (Duration: 43.0ms | Allocations: 4484)
  Rendered microposts/new.html.erb within layouts/application (Duration: 45.1ms | Allocations: 4822)
[Webpacker] Everything's up-to-date. Nothing to do
Completed 200 OK in 58ms (Views: 52.8ms | ActiveRecord: 0.4ms | Allocations: 10850)


Started POST "/microposts" for ::1 at 2020-02-23 22:28:35 +0700
Processing by MicropostsController#create as HTML
  Parameters: {"authenticity_token"=>"bmj2C1JOLL6mWzFibHPkcASwFN48xZecJoHWu+J0rJtufs5SWScYHrqRBLdFVPUgBoAkwWkdb3TexPVLbM9gdg==", "micropost"=>{"content"=>"", "user_id"=>""}, "commit"=>"Create Micropost"}
  Rendering microposts/new.html.erb within layouts/application
  Rendered microposts/_form.html.erb (Duration: 8.0ms | Allocations: 974)
  Rendered microposts/new.html.erb within layouts/application (Duration: 8.5ms | Allocations: 1056)
[Webpacker] Everything's up-to-date. Nothing to do
Completed 200 OK in 32ms (Views: 23.3ms | ActiveRecord: 0.0ms | Allocations: 5775)


Started GET "/microposts" for ::1 at 2020-02-23 22:30:43 +0700
  [1m[35m (0.1ms)[0m  [1m[34mSELECT sqlite_version(*)[0m
Processing by MicropostsController#index as HTML
  Rendering microposts/index.html.erb within layouts/application
  [1m[36mMicropost Load (0.2ms)[0m  [1m[34mSELECT "microposts".* FROM "microposts"[0m
  ↳ app/views/microposts/index.html.erb:15
  Rendered microposts/index.html.erb within layouts/application (Duration: 2.4ms | Allocations: 1035)
[Webpacker] Everything's up-to-date. Nothing to do
Completed 200 OK in 10ms (Views: 6.8ms | ActiveRecord: 0.5ms | Allocations: 5173)


Started GET "/microposts/new" for ::1 at 2020-02-23 22:30:45 +0700
Processing by MicropostsController#new as HTML
  Rendering microposts/new.html.erb within layouts/application
  Rendered microposts/_form.html.erb (Duration: 3.6ms | Allocations: 738)
  Rendered microposts/new.html.erb within layouts/application (Duration: 4.3ms | Allocations: 820)
[Webpacker] Everything's up-to-date. Nothing to do
Completed 200 OK in 21ms (Views: 13.5ms | ActiveRecord: 0.6ms | Allocations: 6477)


Started POST "/microposts" for ::1 at 2020-02-23 22:30:46 +0700
Processing by MicropostsController#create as HTML
  Parameters: {"authenticity_token"=>"H86ckQ0WwFKGVstY7aw+JN9xsGonWM41oxDsUSq7iKof2KTIBn/08pqc/o3Eiy903UGAdXKANt1bVc+hpABERw==", "micropost"=>{"content"=>"", "user_id"=>""}, "commit"=>"Create Micropost"}
  Rendering microposts/new.html.erb within layouts/application
  Rendered microposts/_form.html.erb (Duration: 4.7ms | Allocations: 960)
  Rendered microposts/new.html.erb within layouts/application (Duration: 5.2ms | Allocations: 1041)
[Webpacker] Everything's up-to-date. Nothing to do
Completed 200 OK in 21ms (Views: 15.1ms | ActiveRecord: 0.0ms | Allocations: 5626)


Started POST "/microposts" for ::1 at 2020-02-23 22:31:20 +0700
Processing by MicropostsController#create as HTML
  Parameters: {"authenticity_token"=>"zR9cPmO6HTebZcF0JFWcJ/Bve5vLd80ScngVh+OsCnDeqXa1aCX5Md/naSmU4Ri1M0zzT1kPgF4utDMJE+pJtw==", "micropost"=>{"content"=>"đây là content 1", "user_id"=>"1111"}, "commit"=>"Create Micropost"}
  Rendering microposts/new.html.erb within layouts/application
  Rendered microposts/_form.html.erb (Duration: 3.0ms | Allocations: 830)
  Rendered microposts/new.html.erb within layouts/application (Duration: 3.6ms | Allocations: 911)
[Webpacker] Everything's up-to-date. Nothing to do
Completed 200 OK in 20ms (Views: 14.1ms | ActiveRecord: 0.0ms | Allocations: 5211)


Started GET "/users" for ::1 at 2020-02-23 22:40:06 +0700
  [1m[35m (0.1ms)[0m  [1m[34mSELECT sqlite_version(*)[0m
Processing by UsersController#index as HTML
Completed 500 Internal Server Error in 2ms (ActiveRecord: 0.0ms | Allocations: 1164)


  
SyntaxError (/home/locnh/ProjectRuby/Blog/app/models/user.rb:2: syntax error, unexpected local variable or method, expecting `end'
...alidates :name, :email presence: true
...                       ^~~~~~~~
):
  
app/models/user.rb:2: syntax error, unexpected local variable or method, expecting `end'
app/models/user.rb:2: syntax error, unexpected local variable or method, expecting `end'
app/models/user.rb:2: syntax error, unexpected local variable or method, expecting `end'
app/controllers/users_controller.rb:7:in `index'
Started GET "/users" for ::1 at 2020-02-23 22:40:24 +0700
  [1m[35m (0.1ms)[0m  [1m[34mSELECT sqlite_version(*)[0m
Processing by UsersController#index as HTML
Completed 500 Internal Server Error in 2ms (ActiveRecord: 0.0ms | Allocations: 1204)


  
SyntaxError (/home/locnh/ProjectRuby/Blog/app/models/user.rb:2: syntax error, unexpected local variable or method, expecting `end'
...alidates :name, :email presence: true
...                       ^~~~~~~~
):
  
app/models/user.rb:2: syntax error, unexpected local variable or method, expecting `end'
app/models/user.rb:2: syntax error, unexpected local variable or method, expecting `end'
app/models/user.rb:2: syntax error, unexpected local variable or method, expecting `end'
app/controllers/users_controller.rb:7:in `index'
Started GET "/users" for ::1 at 2020-02-23 22:40:41 +0700
  [1m[35m (0.1ms)[0m  [1m[34mSELECT sqlite_version(*)[0m
Processing by UsersController#index as HTML
Completed 500 Internal Server Error in 3ms (ActiveRecord: 0.0ms | Allocations: 2528)


  
NameError (uninitialized constant UsersController::User):
  
app/controllers/users_controller.rb:7:in `index'
Started POST "/__web_console/repl_sessions/c9524297a0cb7bc1ee95e8dbf3ee72f5/trace" for ::1 at 2020-02-23 22:40:48 +0700
Started GET "/users" for ::1 at 2020-02-23 22:41:05 +0700
  [1m[35m (0.1ms)[0m  [1m[34mSELECT sqlite_version(*)[0m
Processing by UsersController#index as HTML
  Rendering users/index.html.erb within layouts/application
  [1m[36mUser Load (0.2ms)[0m  [1m[34mSELECT "users".* FROM "users"[0m
  ↳ app/views/users/index.html.erb:15
  Rendered users/index.html.erb within layouts/application (Duration: 3.0ms | Allocations: 1053)
[Webpacker] Everything's up-to-date. Nothing to do
Completed 200 OK in 16ms (Views: 11.9ms | ActiveRecord: 0.6ms | Allocations: 5144)


Started GET "/users" for ::1 at 2020-02-23 22:41:14 +0700
  [1m[35m (0.1ms)[0m  [1m[34mSELECT sqlite_version(*)[0m
Processing by UsersController#index as HTML
  Rendering users/index.html.erb within layouts/application
  [1m[36mUser Load (0.2ms)[0m  [1m[34mSELECT "users".* FROM "users"[0m
  ↳ app/views/users/index.html.erb:15
  Rendered users/index.html.erb within layouts/application (Duration: 1.5ms | Allocations: 623)
[Webpacker] Everything's up-to-date. Nothing to do
Completed 200 OK in 10ms (Views: 8.6ms | ActiveRecord: 0.2ms | Allocations: 4227)


Started GET "/users" for ::1 at 2020-02-23 22:41:15 +0700
Processing by UsersController#index as HTML
  Rendering users/index.html.erb within layouts/application
  [1m[36mUser Load (0.2ms)[0m  [1m[34mSELECT "users".* FROM "users"[0m
  ↳ app/views/users/index.html.erb:15
  Rendered users/index.html.erb within layouts/application (Duration: 4.2ms | Allocations: 596)
[Webpacker] Everything's up-to-date. Nothing to do
Completed 200 OK in 13ms (Views: 12.3ms | ActiveRecord: 0.2ms | Allocations: 4029)


Started GET "/users" for ::1 at 2020-02-23 22:41:16 +0700
Processing by UsersController#index as HTML
  Rendering users/index.html.erb within layouts/application
  [1m[36mUser Load (0.5ms)[0m  [1m[34mSELECT "users".* FROM "users"[0m
  ↳ app/views/users/index.html.erb:15
  Rendered users/index.html.erb within layouts/application (Duration: 4.0ms | Allocations: 596)
[Webpacker] Everything's up-to-date. Nothing to do
Completed 200 OK in 16ms (Views: 14.7ms | ActiveRecord: 0.5ms | Allocations: 4031)


Started GET "/users" for ::1 at 2020-02-23 22:41:20 +0700
  [1m[35m (0.1ms)[0m  [1m[34mSELECT sqlite_version(*)[0m
Processing by UsersController#index as HTML
  Rendering users/index.html.erb within layouts/application
  [1m[36mUser Load (0.2ms)[0m  [1m[34mSELECT "users".* FROM "users"[0m
  ↳ app/views/users/index.html.erb:15
  Rendered users/index.html.erb within layouts/application (Duration: 2.7ms | Allocations: 621)
[Webpacker] Everything's up-to-date. Nothing to do
Completed 200 OK in 18ms (Views: 16.9ms | ActiveRecord: 0.2ms | Allocations: 4261)


Started GET "/users/new" for ::1 at 2020-02-23 22:41:22 +0700
Processing by UsersController#new as HTML
  Rendering users/new.html.erb within layouts/application
  Rendered users/_form.html.erb (Duration: 6.2ms | Allocations: 1158)
  Rendered users/new.html.erb within layouts/application (Duration: 8.1ms | Allocations: 1484)
[Webpacker] Everything's up-to-date. Nothing to do
Completed 200 OK in 47ms (Views: 25.2ms | ActiveRecord: 1.0ms | Allocations: 7380)


Started POST "/users" for ::1 at 2020-02-23 22:41:36 +0700
Processing by UsersController#create as HTML
  Parameters: {"authenticity_token"=>"xb4EKgN/45uadQgFuwmXzGU2FeXXI4w0PxdO5QdQPU/+N9h8gxfkGjj0kTT1NIxsXGuAizdw6NMYentPD7WWkA==", "user"=>{"name"=>"Lộc", "email"=>"loc"}, "commit"=>"Create User"}
  [1m[35m (0.1ms)[0m  [1m[36mbegin transaction[0m
  ↳ app/controllers/users_controller.rb:30:in `block in create'
  [1m[36mUser Create (1.0ms)[0m  [1m[32mINSERT INTO "users" ("name", "email", "created_at", "updated_at") VALUES (?, ?, ?, ?)[0m  [["name", "Lộc"], ["email", "loc"], ["created_at", "2020-02-23 15:41:36.672559"], ["updated_at", "2020-02-23 15:41:36.672559"]]
  ↳ app/controllers/users_controller.rb:30:in `block in create'
  [1m[35m (5.1ms)[0m  [1m[36mcommit transaction[0m
  ↳ app/controllers/users_controller.rb:30:in `block in create'
Redirected to http://localhost:3000/users/1
Completed 302 Found in 17ms (ActiveRecord: 6.2ms | Allocations: 3676)


Started GET "/users/1" for ::1 at 2020-02-23 22:41:36 +0700
Processing by UsersController#show as HTML
  Parameters: {"id"=>"1"}
  [1m[36mUser Load (0.2ms)[0m  [1m[34mSELECT "users".* FROM "users" WHERE "users"."id" = ? LIMIT ?[0m  [["id", 1], ["LIMIT", 1]]
  ↳ app/controllers/users_controller.rb:67:in `set_user'
  Rendering users/show.html.erb within layouts/application
  Rendered users/show.html.erb within layouts/application (Duration: 2.0ms | Allocations: 254)
[Webpacker] Everything's up-to-date. Nothing to do
Completed 200 OK in 16ms (Views: 11.9ms | ActiveRecord: 0.2ms | Allocations: 4743)


Started GET "/users/1" for ::1 at 2020-02-23 22:41:41 +0700
Processing by UsersController#show as HTML
  Parameters: {"id"=>"1"}
  [1m[36mUser Load (0.1ms)[0m  [1m[34mSELECT "users".* FROM "users" WHERE "users"."id" = ? LIMIT ?[0m  [["id", 1], ["LIMIT", 1]]
  ↳ app/controllers/users_controller.rb:67:in `set_user'
  Rendering users/show.html.erb within layouts/application
  Rendered users/show.html.erb within layouts/application (Duration: 0.4ms | Allocations: 80)
[Webpacker] Everything's up-to-date. Nothing to do
Completed 200 OK in 10ms (Views: 8.2ms | ActiveRecord: 0.1ms | Allocations: 3990)


Started GET "/users/1" for ::1 at 2020-02-23 22:41:42 +0700
Processing by UsersController#show as HTML
  Parameters: {"id"=>"1"}
  [1m[36mUser Load (0.1ms)[0m  [1m[34mSELECT "users".* FROM "users" WHERE "users"."id" = ? LIMIT ?[0m  [["id", 1], ["LIMIT", 1]]
  ↳ app/controllers/users_controller.rb:67:in `set_user'
  Rendering users/show.html.erb within layouts/application
  Rendered users/show.html.erb within layouts/application (Duration: 0.3ms | Allocations: 80)
[Webpacker] Everything's up-to-date. Nothing to do
Completed 200 OK in 7ms (Views: 5.3ms | ActiveRecord: 0.1ms | Allocations: 4005)


Started GET "/users" for ::1 at 2020-02-23 22:41:43 +0700
Processing by UsersController#index as HTML
  Rendering users/index.html.erb within layouts/application
  [1m[36mUser Load (0.1ms)[0m  [1m[34mSELECT "users".* FROM "users"[0m
  ↳ app/views/users/index.html.erb:15
  Rendered users/index.html.erb within layouts/application (Duration: 2.2ms | Allocations: 726)
[Webpacker] Everything's up-to-date. Nothing to do
Completed 200 OK in 10ms (Views: 8.8ms | ActiveRecord: 0.1ms | Allocations: 4150)


Started GET "/users/1/edit" for ::1 at 2020-02-23 22:41:45 +0700
Processing by UsersController#edit as HTML
  Parameters: {"id"=>"1"}
  [1m[36mUser Load (0.2ms)[0m  [1m[34mSELECT "users".* FROM "users" WHERE "users"."id" = ? LIMIT ?[0m  [["id", 1], ["LIMIT", 1]]
  ↳ app/controllers/users_controller.rb:67:in `set_user'
  Rendering users/edit.html.erb within layouts/application
  Rendered users/_form.html.erb (Duration: 3.3ms | Allocations: 760)
  Rendered users/edit.html.erb within layouts/application (Duration: 6.0ms | Allocations: 997)
[Webpacker] Everything's up-to-date. Nothing to do
Completed 200 OK in 17ms (Views: 13.9ms | ActiveRecord: 0.2ms | Allocations: 5047)


Started PATCH "/users/1" for ::1 at 2020-02-23 22:41:46 +0700
Processing by UsersController#update as HTML
  Parameters: {"authenticity_token"=>"eQIbGhRWAxh4OmdJHByH/HhugLKXPneHHOB+fPa4bvJiD+O/mrxvELYI+xdCfnY8zFuMU3jSJfiKSwWXtX7WOA==", "user"=>{"name"=>"Lộc", "email"=>"loc"}, "commit"=>"Update User", "id"=>"1"}
  [1m[36mUser Load (0.2ms)[0m  [1m[34mSELECT "users".* FROM "users" WHERE "users"."id" = ? LIMIT ?[0m  [["id", 1], ["LIMIT", 1]]
  ↳ app/controllers/users_controller.rb:67:in `set_user'
Redirected to http://localhost:3000/users/1
Completed 302 Found in 5ms (ActiveRecord: 0.2ms | Allocations: 1162)


Started GET "/users/1" for ::1 at 2020-02-23 22:41:46 +0700
Processing by UsersController#show as HTML
  Parameters: {"id"=>"1"}
  [1m[36mUser Load (0.2ms)[0m  [1m[34mSELECT "users".* FROM "users" WHERE "users"."id" = ? LIMIT ?[0m  [["id", 1], ["LIMIT", 1]]
  ↳ app/controllers/users_controller.rb:67:in `set_user'
  Rendering users/show.html.erb within layouts/application
  Rendered users/show.html.erb within layouts/application (Duration: 0.8ms | Allocations: 84)
[Webpacker] Everything's up-to-date. Nothing to do
Completed 200 OK in 14ms (Views: 10.8ms | ActiveRecord: 0.2ms | Allocations: 4021)


Started GET "/users/1" for ::1 at 2020-02-23 22:41:58 +0700
  [1m[35m (0.1ms)[0m  [1m[34mSELECT sqlite_version(*)[0m
Processing by UsersController#show as HTML
  Parameters: {"id"=>"1"}
  [1m[36mUser Load (0.2ms)[0m  [1m[34mSELECT "users".* FROM "users" WHERE "users"."id" = ? LIMIT ?[0m  [["id", 1], ["LIMIT", 1]]
  ↳ app/controllers/users_controller.rb:67:in `set_user'
  Rendering users/show.html.erb within layouts/application
  Rendered users/show.html.erb within layouts/application (Duration: 0.4ms | Allocations: 89)
[Webpacker] Everything's up-to-date. Nothing to do
Completed 200 OK in 11ms (Views: 8.7ms | ActiveRecord: 0.2ms | Allocations: 4214)


Started GET "/users/1/edit" for ::1 at 2020-02-23 22:42:01 +0700
Processing by UsersController#edit as HTML
  Parameters: {"id"=>"1"}
  [1m[36mUser Load (0.3ms)[0m  [1m[34mSELECT "users".* FROM "users" WHERE "users"."id" = ? LIMIT ?[0m  [["id", 1], ["LIMIT", 1]]
  ↳ app/controllers/users_controller.rb:67:in `set_user'
  Rendering users/edit.html.erb within layouts/application
  Rendered users/_form.html.erb (Duration: 3.6ms | Allocations: 734)
  Rendered users/edit.html.erb within layouts/application (Duration: 4.5ms | Allocations: 846)
[Webpacker] Everything's up-to-date. Nothing to do
Completed 200 OK in 22ms (Views: 16.6ms | ActiveRecord: 0.3ms | Allocations: 4752)


Started PATCH "/users/1" for ::1 at 2020-02-23 22:42:03 +0700
Processing by UsersController#update as HTML
  Parameters: {"authenticity_token"=>"tnGEp8fkifENcKoXhvxJsFwjkPAqxQVRt7h7mbVT9SCtfHwCSQ7l+cNCNknYnrhw6BacEcUpVy4hEwBy9pVN6g==", "user"=>{"name"=>"Lộc", "email"=>"loc"}, "commit"=>"Update User", "id"=>"1"}
  [1m[36mUser Load (0.2ms)[0m  [1m[34mSELECT "users".* FROM "users" WHERE "users"."id" = ? LIMIT ?[0m  [["id", 1], ["LIMIT", 1]]
  ↳ app/controllers/users_controller.rb:67:in `set_user'
Redirected to http://localhost:3000/users/1
Completed 302 Found in 6ms (ActiveRecord: 0.2ms | Allocations: 1145)


Started GET "/users/1" for ::1 at 2020-02-23 22:42:03 +0700
Processing by UsersController#show as HTML
  Parameters: {"id"=>"1"}
  [1m[36mUser Load (0.1ms)[0m  [1m[34mSELECT "users".* FROM "users" WHERE "users"."id" = ? LIMIT ?[0m  [["id", 1], ["LIMIT", 1]]
  ↳ app/controllers/users_controller.rb:67:in `set_user'
  Rendering users/show.html.erb within layouts/application
  Rendered users/show.html.erb within layouts/application (Duration: 0.3ms | Allocations: 82)
[Webpacker] Everything's up-to-date. Nothing to do
Completed 200 OK in 8ms (Views: 5.6ms | ActiveRecord: 0.1ms | Allocations: 4022)


Started GET "/users/1" for ::1 at 2020-02-23 22:45:10 +0700
  [1m[35m (0.1ms)[0m  [1m[34mSELECT sqlite_version(*)[0m
Processing by UsersController#show as HTML
  Parameters: {"id"=>"1"}
  [1m[36mUser Load (0.2ms)[0m  [1m[34mSELECT "users".* FROM "users" WHERE "users"."id" = ? LIMIT ?[0m  [["id", 1], ["LIMIT", 1]]
  ↳ app/controllers/users_controller.rb:67:in `set_user'
  Rendering users/show.html.erb within layouts/application
  Rendered users/show.html.erb within layouts/application (Duration: 0.3ms | Allocations: 89)
[Webpacker] Everything's up-to-date. Nothing to do
Completed 200 OK in 7ms (Views: 5.2ms | ActiveRecord: 0.2ms | Allocations: 4206)


Started GET "/users" for ::1 at 2020-02-23 22:45:12 +0700
Processing by UsersController#index as HTML
  Rendering users/index.html.erb within layouts/application
  [1m[36mUser Load (0.3ms)[0m  [1m[34mSELECT "users".* FROM "users"[0m
  ↳ app/views/users/index.html.erb:15
  Rendered users/index.html.erb within layouts/application (Duration: 2.9ms | Allocations: 744)
[Webpacker] Everything's up-to-date. Nothing to do
Completed 200 OK in 14ms (Views: 12.8ms | ActiveRecord: 0.3ms | Allocations: 4161)


Started GET "/users/1/edit" for ::1 at 2020-02-23 22:45:13 +0700
Processing by UsersController#edit as HTML
  Parameters: {"id"=>"1"}
  [1m[36mUser Load (0.2ms)[0m  [1m[34mSELECT "users".* FROM "users" WHERE "users"."id" = ? LIMIT ?[0m  [["id", 1], ["LIMIT", 1]]
  ↳ app/controllers/users_controller.rb:67:in `set_user'
  Rendering users/edit.html.erb within layouts/application
  Rendered users/_form.html.erb (Duration: 2.1ms | Allocations: 732)
  Rendered users/edit.html.erb within layouts/application (Duration: 2.6ms | Allocations: 843)
[Webpacker] Everything's up-to-date. Nothing to do
Completed 200 OK in 12ms (Views: 9.4ms | ActiveRecord: 0.2ms | Allocations: 4772)


Started PATCH "/users/1" for ::1 at 2020-02-23 22:45:14 +0700
Processing by UsersController#update as HTML
  Parameters: {"authenticity_token"=>"h10NEhpl30r47HK9/PFE7ARjnNJ5ghrg7+16FOtRnMacUPW3lI+zQjbe7uOik7UssFaQM5ZuSJ95RgH/qJckDA==", "user"=>{"name"=>"Lộc", "email"=>"loc"}, "commit"=>"Update User", "id"=>"1"}
  [1m[36mUser Load (0.1ms)[0m  [1m[34mSELECT "users".* FROM "users" WHERE "users"."id" = ? LIMIT ?[0m  [["id", 1], ["LIMIT", 1]]
  ↳ app/controllers/users_controller.rb:67:in `set_user'
Redirected to http://localhost:3000/users/1
Completed 302 Found in 4ms (ActiveRecord: 0.1ms | Allocations: 1140)


Started GET "/users/1" for ::1 at 2020-02-23 22:45:14 +0700
Processing by UsersController#show as HTML
  Parameters: {"id"=>"1"}
  [1m[36mUser Load (0.1ms)[0m  [1m[34mSELECT "users".* FROM "users" WHERE "users"."id" = ? LIMIT ?[0m  [["id", 1], ["LIMIT", 1]]
  ↳ app/controllers/users_controller.rb:67:in `set_user'
  Rendering users/show.html.erb within layouts/application
  Rendered users/show.html.erb within layouts/application (Duration: 0.3ms | Allocations: 82)
[Webpacker] Everything's up-to-date. Nothing to do
Completed 200 OK in 7ms (Views: 5.2ms | ActiveRecord: 0.1ms | Allocations: 4022)


Started GET "/users" for ::1 at 2020-02-23 22:45:16 +0700
Processing by UsersController#index as HTML
  Rendering users/index.html.erb within layouts/application
  [1m[36mUser Load (0.2ms)[0m  [1m[34mSELECT "users".* FROM "users"[0m
  ↳ app/views/users/index.html.erb:15
  Rendered users/index.html.erb within layouts/application (Duration: 2.7ms | Allocations: 721)
[Webpacker] Everything's up-to-date. Nothing to do
Completed 200 OK in 14ms (Views: 12.5ms | ActiveRecord: 0.2ms | Allocations: 4132)


Started GET "/users/1/edit" for ::1 at 2020-02-23 22:45:17 +0700
Processing by UsersController#edit as HTML
  Parameters: {"id"=>"1"}
  [1m[36mUser Load (0.1ms)[0m  [1m[34mSELECT "users".* FROM "users" WHERE "users"."id" = ? LIMIT ?[0m  [["id", 1], ["LIMIT", 1]]
  ↳ app/controllers/users_controller.rb:67:in `set_user'
  Rendering users/edit.html.erb within layouts/application
  Rendered users/_form.html.erb (Duration: 2.8ms | Allocations: 731)
  Rendered users/edit.html.erb within layouts/application (Duration: 3.5ms | Allocations: 842)
[Webpacker] Everything's up-to-date. Nothing to do
Completed 200 OK in 17ms (Views: 14.5ms | ActiveRecord: 0.1ms | Allocations: 4759)


Started PATCH "/users/1" for ::1 at 2020-02-23 22:45:25 +0700
Processing by UsersController#update as HTML
  Parameters: {"authenticity_token"=>"Fci91NkbVCNgdYftmBjeVhCDRIU+B3B8gGbceXV5chsOxUVxV/E4K65HG7PGei+WpLZIZNHrIgMWzaeSNr/K0Q==", "user"=>{"name"=>"Lộc", "email"=>"locnguyen"}, "commit"=>"Update User", "id"=>"1"}
  [1m[36mUser Load (0.2ms)[0m  [1m[34mSELECT "users".* FROM "users" WHERE "users"."id" = ? LIMIT ?[0m  [["id", 1], ["LIMIT", 1]]
  ↳ app/controllers/users_controller.rb:67:in `set_user'
  [1m[35m (0.1ms)[0m  [1m[36mbegin transaction[0m
  ↳ app/controllers/users_controller.rb:44:in `block in update'
  [1m[36mUser Update (0.8ms)[0m  [1m[33mUPDATE "users" SET "email" = ?, "updated_at" = ? WHERE "users"."id" = ?[0m  [["email", "locnguyen"], ["updated_at", "2020-02-23 15:45:25.817004"], ["id", 1]]
  ↳ app/controllers/users_controller.rb:44:in `block in update'
  [1m[35m (3.7ms)[0m  [1m[36mcommit transaction[0m
  ↳ app/controllers/users_controller.rb:44:in `block in update'
Redirected to http://localhost:3000/users/1
Completed 302 Found in 26ms (ActiveRecord: 4.7ms | Allocations: 4111)


Started GET "/users/1" for ::1 at 2020-02-23 22:45:25 +0700
Processing by UsersController#show as HTML
  Parameters: {"id"=>"1"}
  [1m[36mUser Load (0.1ms)[0m  [1m[34mSELECT "users".* FROM "users" WHERE "users"."id" = ? LIMIT ?[0m  [["id", 1], ["LIMIT", 1]]
  ↳ app/controllers/users_controller.rb:67:in `set_user'
  Rendering users/show.html.erb within layouts/application
  Rendered users/show.html.erb within layouts/application (Duration: 0.4ms | Allocations: 82)
[Webpacker] Everything's up-to-date. Nothing to do
Completed 200 OK in 10ms (Views: 7.6ms | ActiveRecord: 0.1ms | Allocations: 4037)


Started GET "/users/1" for ::1 at 2020-02-23 22:47:56 +0700
  [1m[35m (0.1ms)[0m  [1m[34mSELECT sqlite_version(*)[0m
Processing by UsersController#show as HTML
  Parameters: {"id"=>"1"}
  [1m[36mUser Load (0.5ms)[0m  [1m[34mSELECT "users".* FROM "users" WHERE "users"."id" = ? LIMIT ?[0m  [["id", 1], ["LIMIT", 1]]
  ↳ app/controllers/users_controller.rb:67:in `set_user'
  Rendering users/show.html.erb within layouts/application
  Rendered users/show.html.erb within layouts/application (Duration: 0.3ms | Allocations: 89)
[Webpacker] Everything's up-to-date. Nothing to do
Completed 200 OK in 21ms (Views: 13.8ms | ActiveRecord: 0.5ms | Allocations: 4210)


Started GET "/users" for ::1 at 2020-02-23 22:47:59 +0700
Processing by UsersController#index as HTML
  Rendering users/index.html.erb within layouts/application
  [1m[36mUser Load (0.3ms)[0m  [1m[34mSELECT "users".* FROM "users"[0m
  ↳ app/views/users/index.html.erb:15
  Rendered users/index.html.erb within layouts/application (Duration: 8.1ms | Allocations: 743)
[Webpacker] Everything's up-to-date. Nothing to do
Completed 200 OK in 24ms (Views: 22.1ms | ActiveRecord: 0.3ms | Allocations: 4165)


Started GET "/users/1/edit" for ::1 at 2020-02-23 22:48:00 +0700
Processing by UsersController#edit as HTML
  Parameters: {"id"=>"1"}
  [1m[36mUser Load (0.3ms)[0m  [1m[34mSELECT "users".* FROM "users" WHERE "users"."id" = ? LIMIT ?[0m  [["id", 1], ["LIMIT", 1]]
  ↳ app/controllers/users_controller.rb:67:in `set_user'
  Rendering users/edit.html.erb within layouts/application
  Rendered users/_form.html.erb (Duration: 9.6ms | Allocations: 732)
  Rendered users/edit.html.erb within layouts/application (Duration: 11.2ms | Allocations: 843)
[Webpacker] Everything's up-to-date. Nothing to do
Completed 200 OK in 41ms (Views: 30.1ms | ActiveRecord: 0.3ms | Allocations: 4747)


Started PATCH "/users/1" for ::1 at 2020-02-23 22:48:01 +0700
Processing by UsersController#update as HTML
  Parameters: {"authenticity_token"=>"gkwbp/apzjm3a24Kzpp7XnaW114m5P89bBHAar+7B/qZQeMCeEOiMXlZ8lSQ+IqewqPbv8kIrUL6uruB/H2/MA==", "user"=>{"name"=>"Lộc", "email"=>"locnguyen"}, "commit"=>"Update User", "id"=>"1"}
  [1m[36mUser Load (0.1ms)[0m  [1m[34mSELECT "users".* FROM "users" WHERE "users"."id" = ? LIMIT ?[0m  [["id", 1], ["LIMIT", 1]]
  ↳ app/controllers/users_controller.rb:67:in `set_user'
Redirected to http://localhost:3000/users/1
Completed 302 Found in 5ms (ActiveRecord: 0.1ms | Allocations: 1149)


Started GET "/users/1" for ::1 at 2020-02-23 22:48:01 +0700
Processing by UsersController#show as HTML
  Parameters: {"id"=>"1"}
  [1m[36mUser Load (0.1ms)[0m  [1m[34mSELECT "users".* FROM "users" WHERE "users"."id" = ? LIMIT ?[0m  [["id", 1], ["LIMIT", 1]]
  ↳ app/controllers/users_controller.rb:67:in `set_user'
  Rendering users/show.html.erb within layouts/application
  Rendered users/show.html.erb within layouts/application (Duration: 0.3ms | Allocations: 82)
[Webpacker] Everything's up-to-date. Nothing to do
Completed 200 OK in 7ms (Views: 5.0ms | ActiveRecord: 0.1ms | Allocations: 4024)


Started GET "/users/1/edit" for ::1 at 2020-02-23 23:09:16 +0700
  [1m[35m (0.1ms)[0m  [1m[34mSELECT sqlite_version(*)[0m
Processing by UsersController#edit as HTML
  Parameters: {"id"=>"1"}
  [1m[36mUser Load (0.6ms)[0m  [1m[34mSELECT "users".* FROM "users" WHERE "users"."id" = ? LIMIT ?[0m  [["id", 1], ["LIMIT", 1]]
  ↳ app/controllers/users_controller.rb:67:in `set_user'
  Rendering users/edit.html.erb within layouts/application
  Rendered users/_form.html.erb (Duration: 2.7ms | Allocations: 731)
  Rendered users/edit.html.erb within layouts/application (Duration: 3.1ms | Allocations: 842)
[Webpacker] Everything's up-to-date. Nothing to do
Completed 200 OK in 22ms (Views: 14.6ms | ActiveRecord: 0.6ms | Allocations: 4786)


Started PATCH "/users/1" for ::1 at 2020-02-23 23:09:20 +0700
Processing by UsersController#update as HTML
  Parameters: {"authenticity_token"=>"+GmX4Yr3ST4cpA62ePDJ5cYKRyGGmbHUvvmUarCWOfXjZG9EBB0lNtKWkugmkjglcj9LwGl146soUu+B81CBPw==", "user"=>{"name"=>"Lộc", "email"=>""}, "commit"=>"Update User", "id"=>"1"}
  [1m[36mUser Load (0.2ms)[0m  [1m[34mSELECT "users".* FROM "users" WHERE "users"."id" = ? LIMIT ?[0m  [["id", 1], ["LIMIT", 1]]
  ↳ app/controllers/users_controller.rb:67:in `set_user'
  Rendering users/edit.html.erb within layouts/application
  Rendered users/_form.html.erb (Duration: 3.0ms | Allocations: 897)
  Rendered users/edit.html.erb within layouts/application (Duration: 5.1ms | Allocations: 1008)
[Webpacker] Everything's up-to-date. Nothing to do
Completed 200 OK in 18ms (Views: 13.4ms | ActiveRecord: 0.2ms | Allocations: 6024)


Started PATCH "/users/1" for ::1 at 2020-02-23 23:09:24 +0700
Processing by UsersController#update as HTML
  Parameters: {"authenticity_token"=>"ZNK6wMYqMaQuqxVntCPnq7la3C6pf4h7uCV2gyhwPx13ZJBLzbXVomopvToEl2M5enlU+jsHxTfk6VAN2DZ82g==", "user"=>{"name"=>"", "email"=>""}, "commit"=>"Update User", "id"=>"1"}
  [1m[36mUser Load (0.2ms)[0m  [1m[34mSELECT "users".* FROM "users" WHERE "users"."id" = ? LIMIT ?[0m  [["id", 1], ["LIMIT", 1]]
  ↳ app/controllers/users_controller.rb:67:in `set_user'
  Rendering users/edit.html.erb within layouts/application
  Rendered users/_form.html.erb (Duration: 3.4ms | Allocations: 1024)
  Rendered users/edit.html.erb within layouts/application (Duration: 4.1ms | Allocations: 1135)
[Webpacker] Everything's up-to-date. Nothing to do
Completed 200 OK in 24ms (Views: 13.6ms | ActiveRecord: 0.2ms | Allocations: 6390)


Started GET "/users" for ::1 at 2020-02-23 23:09:27 +0700
Processing by UsersController#index as HTML
  Rendering users/index.html.erb within layouts/application
  [1m[36mUser Load (0.2ms)[0m  [1m[34mSELECT "users".* FROM "users"[0m
  ↳ app/views/users/index.html.erb:15
  Rendered users/index.html.erb within layouts/application (Duration: 2.1ms | Allocations: 738)
[Webpacker] Everything's up-to-date. Nothing to do
Completed 200 OK in 10ms (Views: 8.5ms | ActiveRecord: 0.2ms | Allocations: 4154)


Started GET "/users" for ::1 at 2020-02-23 23:09:28 +0700
Processing by UsersController#index as HTML
  Rendering users/index.html.erb within layouts/application
  [1m[36mUser Load (0.2ms)[0m  [1m[34mSELECT "users".* FROM "users"[0m
  ↳ app/views/users/index.html.erb:15
  Rendered users/index.html.erb within layouts/application (Duration: 2.0ms | Allocations: 721)
[Webpacker] Everything's up-to-date. Nothing to do
Completed 200 OK in 8ms (Views: 7.2ms | ActiveRecord: 0.2ms | Allocations: 4151)


Started GET "/users" for ::1 at 2020-02-23 23:20:01 +0700
  [1m[35m (0.1ms)[0m  [1m[34mSELECT sqlite_version(*)[0m
Processing by UsersController#index as HTML
  Rendering users/index.html.erb within layouts/application
  [1m[36mUser Load (0.3ms)[0m  [1m[34mSELECT "users".* FROM "users"[0m
  ↳ app/views/users/index.html.erb:15
  Rendered users/index.html.erb within layouts/application (Duration: 2.7ms | Allocations: 739)
[Webpacker] Everything's up-to-date. Nothing to do
Completed 200 OK in 28ms (Views: 23.4ms | ActiveRecord: 0.3ms | Allocations: 4182)


Started GET "/users/new" for ::1 at 2020-02-23 23:20:02 +0700
Processing by UsersController#new as HTML
  Rendering users/new.html.erb within layouts/application
  Rendered users/_form.html.erb (Duration: 2.0ms | Allocations: 682)
  Rendered users/new.html.erb within layouts/application (Duration: 2.6ms | Allocations: 763)
[Webpacker] Everything's up-to-date. Nothing to do
Completed 200 OK in 13ms (Views: 11.8ms | ActiveRecord: 0.0ms | Allocations: 4191)


Started GET "/users/1/edit" for ::1 at 2020-02-23 23:20:08 +0700
Processing by UsersController#edit as HTML
  Parameters: {"id"=>"1"}
  [1m[36mUser Load (0.3ms)[0m  [1m[34mSELECT "users".* FROM "users" WHERE "users"."id" = ? LIMIT ?[0m  [["id", 1], ["LIMIT", 1]]
  ↳ app/controllers/users_controller.rb:67:in `set_user'
  Rendering users/edit.html.erb within layouts/application
  Rendered users/_form.html.erb (Duration: 3.8ms | Allocations: 730)
  Rendered users/edit.html.erb within layouts/application (Duration: 4.5ms | Allocations: 841)
[Webpacker] Everything's up-to-date. Nothing to do
Completed 200 OK in 16ms (Views: 12.0ms | ActiveRecord: 0.3ms | Allocations: 4762)


Started PATCH "/users/1" for ::1 at 2020-02-23 23:20:09 +0700
Processing by UsersController#update as HTML
  Parameters: {"authenticity_token"=>"7IbVerPEPo8TiJojv+qgy+XW29XN5P/uM3v0+iS7Bc33iy3fPS5Sh926Bn3hiFELUePXNCIIrZGl0I8RZ329Bw==", "user"=>{"name"=>"Lộc", "email"=>"locnguyen"}, "commit"=>"Update User", "id"=>"1"}
  [1m[36mUser Load (0.1ms)[0m  [1m[34mSELECT "users".* FROM "users" WHERE "users"."id" = ? LIMIT ?[0m  [["id", 1], ["LIMIT", 1]]
  ↳ app/controllers/users_controller.rb:67:in `set_user'
Redirected to http://localhost:3000/users/1
Completed 302 Found in 10ms (ActiveRecord: 0.1ms | Allocations: 1145)


Started GET "/users/1" for ::1 at 2020-02-23 23:20:09 +0700
Processing by UsersController#show as HTML
  Parameters: {"id"=>"1"}
  [1m[36mUser Load (0.2ms)[0m  [1m[34mSELECT "users".* FROM "users" WHERE "users"."id" = ? LIMIT ?[0m  [["id", 1], ["LIMIT", 1]]
  ↳ app/controllers/users_controller.rb:67:in `set_user'
  Rendering users/show.html.erb within layouts/application
  Rendered users/show.html.erb within layouts/application (Duration: 0.8ms | Allocations: 82)
[Webpacker] Everything's up-to-date. Nothing to do
Completed 200 OK in 11ms (Views: 8.6ms | ActiveRecord: 0.2ms | Allocations: 4019)


Started GET "/users/1" for ::1 at 2020-02-23 23:20:25 +0700
  [1m[35m (0.1ms)[0m  [1m[34mSELECT sqlite_version(*)[0m
Processing by UsersController#show as HTML
  Parameters: {"id"=>"1"}
  [1m[36mUser Load (0.2ms)[0m  [1m[34mSELECT "users".* FROM "users" WHERE "users"."id" = ? LIMIT ?[0m  [["id", 1], ["LIMIT", 1]]
  ↳ app/controllers/users_controller.rb:67:in `set_user'
  Rendering users/show.html.erb within layouts/application
  Rendered users/show.html.erb within layouts/application (Duration: 0.9ms | Allocations: 89)
[Webpacker] Everything's up-to-date. Nothing to do
Completed 200 OK in 19ms (Views: 10.4ms | ActiveRecord: 0.2ms | Allocations: 4198)


